3 179 147 293
3 221 185 297
3 33 295 141
3 234 146 265
3 116 11 229
3 36 139 270
2 216 66
2 180 242
4 65 27 155 130
4 167 39 20 208
3 0 55 135
3 54 205 151
3 212 22 142
3 168 241 264
3 275 160 43
3 34 239 219
2 41 45
4 87 177 30 183
2 85 181
4 184 172 269 1
2 296 104
3 249 93 279
3 88 140 233
3 108 91 16
3 164 281 152
4 99 277 6 288
3 110 244 94
3 80 70 240
4 103 32 283 247
3 8 222 10
3 72 282 83
2 75 256
4 4 230 122 12
3 162 202 138
3 134 157 252
3 159 217 123
3 259 25 257
4 7 174 235 274
3 148 190 231
3 294 131 165
3 246 82 292
5 286 29 253 238 37
4 203 102 255 9
3 299 214 192
3 276 50 153
3 133 76 100
3 210 61 106
3 220 271 143
2 62 201
4 24 113 117 251
2 260 67
3 127 115 2
2 161 287
2 13 196
2 92 112
3 137 89 178
5 136 128 86 223 84
4 58 268 266 52
2 95 98
3 285 42 173
3 150 243 186
2 15 59
2 227 163
3 225 109 154
2 290 248
2 218 48
3 193 224 289
2 144 35
3 74 284 175
4 18 258 17 211
3 187 73 126
3 56 204 280
3 273 90 49
3 107 118 97
3 38 237 262
3 213 23 272
2 63 5
3 105 195 189
3 171 68 132
3 263 121 250
3 57 26 78
3 261 64 145
3 267 207 228
3 125 28 101
2 200 119
4 245 298 51 169
3 156 31 77
2 19 114
3 60 197 69
3 198 170 278
3 79 291 206
3 226 236 176
3 44 40 199
3 129 14 120
3 232 209 215
4 166 158 81 47
3 21 191 71
4 188 111 182 149
4 96 254 124 46
3 53 3 194